<?xml version="1.0" encoding="UTF-8"?>
<testsuite xmlns:xsi="http://www.w3.org/2001/XMLSchema-instance" xsi:noNamespaceSchemaLocation="https://maven.apache.org/surefire/maven-failsafe-plugin/xsd/failsafe-test-report-3.0.xsd" version="3.0" name="starter.CucumberTestSuite" time="4.383" tests="12" errors="0" skipped="0" failures="0">
  <properties>
[...]
</properties>
  <testcase name="As a User I can create a Text Post" classname="CreatePost" time="0.689">
    <system-out><![CDATA[00:15:51.792 [main] DEBUG net.thucydides.core.guice.Injectors - Created injector for module net.thucydides.core.guice.ThucydidesModule
00:15:51.980 [main] INFO io.cucumber.core.plugin.SerenityReporter - Running feature from file:///D:/Maven/Project/Soal%20Prioritas%201%20-%20Linkedin/src/test/resources/features/CreatePost.feature
00:15:52.158 [main] DEBUG net.thucydides.core.guice.Injectors - Created injector for module net.thucydides.core.guice.webdriver.WebDriverModule
00:15:52.181 [main] INFO  - 

-------------------------------------------------------------------------------------
     _______. _______ .______       _______ .__   __.  __  .___________.____    ____ 
    /       ||   ____||   _  \     |   ____||  \ |  | |  | |           |\   \  /   / 
   |   (----`|  |__   |  |_)  |    |  |__   |   \|  | |  | `---|  |----` \   \/   /  
    \   \    |   __|  |      /     |   __|  |  . `  | |  |     |  |       \_    _/   
.----)   |   |  |____ |  |\  \----.|  |____ |  |\   | |  |     |  |         |  |     
|_______/    |_______|| _| `._____||_______||__| \__| |__|     |__|         |__|    
                                                                                     
 News and tutorials at http://www.serenity-bdd.info                                  
 Documentation at https://wakaleo.gitbooks.io/the-serenity-book/content/             
 Join the Serenity Community on Gitter: https://gitter.im/serenity-bdd/serenity-core 
 Serenity BDD Support and Training at http://serenity-bdd.info/#/trainingandsupport  
-------------------------------------------------------------------------------------

00:15:52.184 [main] DEBUG net.thucydides.core.steps.StepEventBus - Test suite started for story net.thucydides.core.model.Story@10fbb2c8
00:15:52.189 [main] INFO  - Test Suite Started: Create post
00:15:52.203 [main] INFO io.cucumber.core.plugin.SerenityReporter - Running feature from file:///D:/Maven/Project/Soal%20Prioritas%201%20-%20Linkedin/src/test/resources/features/ReactionPost.feature
00:15:52.210 [main] DEBUG net.thucydides.core.steps.StepEventBus - Test suite started for story net.thucydides.core.model.Story@711d8368
00:15:52.210 [main] INFO  - Test Suite Started: Reaction post
00:15:52.211 [main] INFO io.cucumber.core.plugin.SerenityReporter - Running feature from file:///D:/Maven/Project/Soal%20Prioritas%201%20-%20Linkedin/src/test/resources/features/ScrollUp.feature
00:15:52.216 [main] DEBUG net.thucydides.core.steps.StepEventBus - Test suite started for story net.thucydides.core.model.Story@7478c848
00:15:52.216 [main] INFO  - Test Suite Started: Scroll up
00:15:52.216 [main] INFO io.cucumber.core.plugin.SerenityReporter - Running feature from file:///D:/Maven/Project/Soal%20Prioritas%201%20-%20Linkedin/src/test/resources/features/SortBy.feature
00:15:52.223 [main] DEBUG net.thucydides.core.steps.StepEventBus - Test suite started for story net.thucydides.core.model.Story@91283ce8
00:15:52.224 [main] INFO  - Test Suite Started: Sort by
00:15:52.225 [main] INFO io.cucumber.core.plugin.SerenityReporter - Running feature from file:///D:/Maven/Project/Soal%20Prioritas%201%20-%20Linkedin/src/test/resources/features/CreatePost.feature
00:15:52.229 [main] DEBUG net.thucydides.core.steps.StepEventBus - Test suite started for story net.thucydides.core.model.Story@10fbb2c8
00:15:52.230 [main] INFO  - Test Suite Started: Create post

Scenario: As a User I can create a Text Post                &amp#27;[90m# src/test/resources/features/CreatePost.feature:10&amp#27;[0m
00:15:52.351 [main] INFO io.cucumber.core.plugin.SerenityReporter - Running feature from file:///D:/Maven/Project/Soal%20Prioritas%201%20-%20Linkedin/src/test/resources/features/CreatePost.feature
00:15:52.463 [main] INFO  - 
  _____   ___   ___   _____     ___   _____     _     ___   _____   ___   ___  
 |_   _| | __| / __| |_   _|   / __| |_   _|   /_\   | _ \ |_   _| | __| |   \ 
   | |   | _|  \__ \   | |     \__ \   | |    / _ \  |   /   | |   | _|  | |) |
   |_|   |___| |___/   |_|     |___/   |_|   /_/ \_\ |_|_\   |_|   |___| |___/ 

As a User I can create a Text Post(createpost;as-a-user-i-can-create-a-text-post)
--------------------------------------------------------------------------------
00:15:52.882 [main] DEBUG net.thucydides.core.steps.StepInterceptor - STARTING STEP: AllSteps.iAmOnTheLinkedInHomepage - User on the LinkedIn home page
I am on the LinkedIn home page
00:15:52.884 [main] DEBUG net.thucydides.core.steps.StepInterceptor - STEP DONE: User on the LinkedIn home page
  &amp#27;[32mGiven &amp#27;[0m&amp#27;[32mI am on the LinkedIn homepage&amp#27;[0m                       &amp#27;[90m# starter.stepdefinitions.AllSteps.iAmOnTheLinkedInHomepage()&amp#27;[0m
00:15:52.896 [main] DEBUG net.thucydides.core.steps.StepInterceptor - STARTING STEP: AllSteps.iClickTheCreatePostButton - I click the Create Post button
I click the Create Post button
00:15:52.896 [main] DEBUG net.thucydides.core.steps.StepInterceptor - STEP DONE: I click the Create Post button
  &amp#27;[32mWhen &amp#27;[0m&amp#27;[32mI click the Create Post button&amp#27;[0m                       &amp#27;[90m# starter.stepdefinitions.AllSteps.iClickTheCreatePostButton()&amp#27;[0m
00:15:52.901 [main] DEBUG net.thucydides.core.steps.StepInterceptor - STARTING STEP: AllSteps.iSelectTextAsThePostType - I select Text as the post type
I select Text as the post type
00:15:52.901 [main] DEBUG net.thucydides.core.steps.StepInterceptor - STEP DONE: I select Text as the post type
  &amp#27;[32mAnd &amp#27;[0m&amp#27;[32mI select Text as the post type&amp#27;[0m                        &amp#27;[90m# starter.stepdefinitions.AllSteps.iSelectTextAsThePostType()&amp#27;[0m
00:15:52.906 [main] DEBUG net.thucydides.core.steps.StepInterceptor - STARTING STEP: AllSteps.iEnterTheTextHelloLinkedInInThePostContent - I enter the text Hello, LinkedIn! in the post content
I enter the text Hello, LinkedIn! in the post content
00:15:52.906 [main] DEBUG net.thucydides.core.steps.StepInterceptor - STEP DONE: I enter the text Hello, LinkedIn! in the post content
  &amp#27;[32mAnd &amp#27;[0m&amp#27;[32mI enter the text Hello, LinkedIn! in the post content&amp#27;[0m &amp#27;[90m# starter.stepdefinitions.AllSteps.iEnterTheTextHelloLinkedInInThePostContent()&amp#27;[0m
00:15:52.910 [main] DEBUG net.thucydides.core.steps.StepInterceptor - STARTING STEP: AllSteps.iClickThePostButton - I click the Post button
I click the Post button
00:15:52.910 [main] DEBUG net.thucydides.core.steps.StepInterceptor - STEP DONE: I click the Post button
  &amp#27;[32mAnd &amp#27;[0m&amp#27;[32mI click the Post button&amp#27;[0m                               &amp#27;[90m# starter.stepdefinitions.AllSteps.iClickThePostButton()&amp#27;[0m
00:15:52.914 [main] DEBUG net.thucydides.core.steps.StepInterceptor - STARTING STEP: AllSteps.iClickTheConfirmationButtonToPublishIt - I click the confirmation button to publish it
I click the confirmation button to publish it
00:15:52.914 [main] DEBUG net.thucydides.core.steps.StepInterceptor - STEP DONE: I click the confirmation button to publish it
  &amp#27;[32mAnd &amp#27;[0m&amp#27;[32mI click the confirmation button to publish it&amp#27;[0m         &amp#27;[90m# starter.stepdefinitions.AllSteps.iClickTheConfirmationButtonToPublishIt()&amp#27;[0m
00:15:52.918 [main] DEBUG net.thucydides.core.steps.StepInterceptor - STARTING STEP: AllSteps.iRedirectToThePostOfPublishedTextPost - I redirect to the post of published text post
I redirect to the post of published text post
00:15:52.918 [main] DEBUG net.thucydides.core.steps.StepInterceptor - STEP DONE: I redirect to the post of published text post
  &amp#27;[32mThen &amp#27;[0m&amp#27;[32mI redirect to the post of published text post&amp#27;[0m        &amp#27;[90m# starter.stepdefinitions.AllSteps.iRedirectToThePostOfPublishedTextPost()&amp#27;[0m
00:15:52.922 [main] INFO  - 
  _____   ___   ___   _____     ___     _     ___   ___   ___   ___  
 |_   _| | __| / __| |_   _|   | _ \   /_\   / __| / __| | __| |   \ 
   | |   | _|  \__ \   | |     |  _/  / _ \  \__ \ \__ \ | _|  | |) |
   |_|   |___| |___/   |_|     |_|   /_/ \_\ |___/ |___/ |___| |___/ 

As a User I can create a Text Post
----------------------------------------------------------------------
]]></system-out>
  </testcase>
  <testcase name="As a User I can Post Photos" classname="CreatePost" time="0.054">
    <system-out><![CDATA[
Scenario: As a User I can Post Photos                 &amp#27;[90m# src/test/resources/features/CreatePost.feature:18&amp#27;[0m
00:15:52.937 [main] INFO io.cucumber.core.plugin.SerenityReporter - Running feature from file:///D:/Maven/Project/Soal%20Prioritas%201%20-%20Linkedin/src/test/resources/features/CreatePost.feature
00:15:52.940 [main] INFO  - 
  _____   ___   ___   _____     ___   _____     _     ___   _____   ___   ___  
 |_   _| | __| / __| |_   _|   / __| |_   _|   /_\   | _ \ |_   _| | __| |   \ 
   | |   | _|  \__ \   | |     \__ \   | |    / _ \  |   /   | |   | _|  | |) |
   |_|   |___| |___/   |_|     |___/   |_|   /_/ \_\ |_|_\   |_|   |___| |___/ 

As a User I can Post Photos(createpost;as-a-user-i-can-post-photos)
--------------------------------------------------------------------------------
00:15:52.953 [main] DEBUG net.thucydides.core.steps.StepInterceptor - STARTING STEP: AllSteps.iAmOnTheLinkedInHomepage - User on the LinkedIn home page
I am on the LinkedIn home page
00:15:52.953 [main] DEBUG net.thucydides.core.steps.StepInterceptor - STEP DONE: User on the LinkedIn home page
  &amp#27;[32mGiven &amp#27;[0m&amp#27;[32mI am on the LinkedIn homepage&amp#27;[0m                 &amp#27;[90m# starter.stepdefinitions.AllSteps.iAmOnTheLinkedInHomepage()&amp#27;[0m
00:15:52.959 [main] DEBUG net.thucydides.core.steps.StepInterceptor - STARTING STEP: AllSteps.iClickTheCreatePostButton - I click the Create Post button
I click the Create Post button
00:15:52.959 [main] DEBUG net.thucydides.core.steps.StepInterceptor - STEP DONE: I click the Create Post button
  &amp#27;[32mWhen &amp#27;[0m&amp#27;[32mI click the Create Post button&amp#27;[0m                 &amp#27;[90m# starter.stepdefinitions.AllSteps.iClickTheCreatePostButton()&amp#27;[0m
00:15:52.962 [main] DEBUG net.thucydides.core.steps.StepInterceptor - STARTING STEP: AllSteps.iSelectPhotoAsThePostType - I select Photo as the post type
I select Photo as the post type
00:15:52.962 [main] DEBUG net.thucydides.core.steps.StepInterceptor - STEP DONE: I select Photo as the post type
  &amp#27;[32mAnd &amp#27;[0m&amp#27;[32mI select Photo as the post type&amp#27;[0m                 &amp#27;[90m# starter.stepdefinitions.AllSteps.iSelectPhotoAsThePostType()&amp#27;[0m
00:15:52.966 [main] DEBUG net.thucydides.core.steps.StepInterceptor - STARTING STEP: AllSteps.iAttachAPhotoToThePost - I attach a photo to the post
I attach a photo to the post
00:15:52.966 [main] DEBUG net.thucydides.core.steps.StepInterceptor - STEP DONE: I attach a photo to the post
  &amp#27;[32mAnd &amp#27;[0m&amp#27;[32mI attach a photo to the post&amp#27;[0m                    &amp#27;[90m# starter.stepdefinitions.AllSteps.iAttachAPhotoToThePost()&amp#27;[0m
00:15:52.970 [main] DEBUG net.thucydides.core.steps.StepInterceptor - STARTING STEP: AllSteps.iAddCaptionsToThePhotoPost - I add captions to the photo post
I add captions to the photo post
00:15:52.970 [main] DEBUG net.thucydides.core.steps.StepInterceptor - STEP DONE: I add captions to the photo post
  &amp#27;[32mAnd &amp#27;[0m&amp#27;[32mI add captions to the photo post&amp#27;[0m                &amp#27;[90m# starter.stepdefinitions.AllSteps.iAddCaptionsToThePhotoPost()&amp#27;[0m
00:15:52.975 [main] DEBUG net.thucydides.core.steps.StepInterceptor - STARTING STEP: AllSteps.iClickTheConfirmationButtonToPublishIt - I click the confirmation button to publish it
I click the confirmation button to publish it
00:15:52.975 [main] DEBUG net.thucydides.core.steps.StepInterceptor - STEP DONE: I click the confirmation button to publish it
  &amp#27;[32mAnd &amp#27;[0m&amp#27;[32mI click the confirmation button to publish it&amp#27;[0m   &amp#27;[90m# starter.stepdefinitions.AllSteps.iClickTheConfirmationButtonToPublishIt()&amp#27;[0m
00:15:52.978 [main] DEBUG net.thucydides.core.steps.StepInterceptor - STARTING STEP: AllSteps.iRedirectToThePostOfPublishedPhotoPost - I redirect to the post of published photo post
I redirect to the post of published photo post
00:15:52.979 [main] DEBUG net.thucydides.core.steps.StepInterceptor - STEP DONE: I redirect to the post of published photo post
  &amp#27;[32mThen &amp#27;[0m&amp#27;[32mI redirect to the post of published photo post&amp#27;[0m &amp#27;[90m# starter.stepdefinitions.AllSteps.iRedirectToThePostOfPublishedPhotoPost()&amp#27;[0m
00:15:52.980 [main] INFO  - 
  _____   ___   ___   _____     ___     _     ___   ___   ___   ___  
 |_   _| | __| / __| |_   _|   | _ \   /_\   / __| / __| | __| |   \ 
   | |   | _|  \__ \   | |     |  _/  / _ \  \__ \ \__ \ | _|  | |) |
   |_|   |___| |___/   |_|     |_|   /_/ \_\ |___/ |___/ |___| |___/ 

As a User I can Post Photos
----------------------------------------------------------------------
]]></system-out>
  </testcase>
  <testcase name="As a User I can Post Video" classname="CreatePost" time="0.046">
    <system-out><![CDATA[
Scenario: As a User I can Post Video                  &amp#27;[90m# src/test/resources/features/CreatePost.feature:26&amp#27;[0m
00:15:52.990 [main] INFO io.cucumber.core.plugin.SerenityReporter - Running feature from file:///D:/Maven/Project/Soal%20Prioritas%201%20-%20Linkedin/src/test/resources/features/CreatePost.feature
00:15:52.992 [main] INFO  - 
  _____   ___   ___   _____     ___   _____     _     ___   _____   ___   ___  
 |_   _| | __| / __| |_   _|   / __| |_   _|   /_\   | _ \ |_   _| | __| |   \ 
   | |   | _|  \__ \   | |     \__ \   | |    / _ \  |   /   | |   | _|  | |) |
   |_|   |___| |___/   |_|     |___/   |_|   /_/ \_\ |_|_\   |_|   |___| |___/ 

As a User I can Post Video(createpost;as-a-user-i-can-post-video)
--------------------------------------------------------------------------------
00:15:53.005 [main] DEBUG net.thucydides.core.steps.StepInterceptor - STARTING STEP: AllSteps.iAmOnTheLinkedInHomepage - User on the LinkedIn home page
I am on the LinkedIn home page
00:15:53.005 [main] DEBUG net.thucydides.core.steps.StepInterceptor - STEP DONE: User on the LinkedIn home page
  &amp#27;[32mGiven &amp#27;[0m&amp#27;[32mI am on the LinkedIn homepage&amp#27;[0m                 &amp#27;[90m# starter.stepdefinitions.AllSteps.iAmOnTheLinkedInHomepage()&amp#27;[0m
00:15:53.008 [main] DEBUG net.thucydides.core.steps.StepInterceptor - STARTING STEP: AllSteps.iClickTheCreatePostButton - I click the Create Post button
I click the Create Post button
00:15:53.008 [main] DEBUG net.thucydides.core.steps.StepInterceptor - STEP DONE: I click the Create Post button
  &amp#27;[32mWhen &amp#27;[0m&amp#27;[32mI click the Create Post button&amp#27;[0m                 &amp#27;[90m# starter.stepdefinitions.AllSteps.iClickTheCreatePostButton()&amp#27;[0m
00:15:53.011 [main] DEBUG net.thucydides.core.steps.StepInterceptor - STARTING STEP: AllSteps.iSelectVideoAsThePostType - I select Video as the post type
I select Video as the post type
00:15:53.011 [main] DEBUG net.thucydides.core.steps.StepInterceptor - STEP DONE: I select Video as the post type
  &amp#27;[32mAnd &amp#27;[0m&amp#27;[32mI select Video as the post type&amp#27;[0m                 &amp#27;[90m# starter.stepdefinitions.AllSteps.iSelectVideoAsThePostType()&amp#27;[0m
00:15:53.015 [main] DEBUG net.thucydides.core.steps.StepInterceptor - STARTING STEP: AllSteps.iUploadAVideoFile - I upload a video file
I upload a video file
00:15:53.015 [main] DEBUG net.thucydides.core.steps.StepInterceptor - STEP DONE: I upload a video file
  &amp#27;[32mAnd &amp#27;[0m&amp#27;[32mI upload a video file&amp#27;[0m                           &amp#27;[90m# starter.stepdefinitions.AllSteps.iUploadAVideoFile()&amp#27;[0m
00:15:53.019 [main] DEBUG net.thucydides.core.steps.StepInterceptor - STARTING STEP: AllSteps.iAddCaptionsToTheVideoPost - I add captions to the video post
I add captions to the video post
00:15:53.020 [main] DEBUG net.thucydides.core.steps.StepInterceptor - STEP DONE: I add captions to the video post
  &amp#27;[32mAnd &amp#27;[0m&amp#27;[32mI add captions to the video post&amp#27;[0m                &amp#27;[90m# starter.stepdefinitions.AllSteps.iAddCaptionsToTheVideoPost()&amp#27;[0m
00:15:53.022 [main] DEBUG net.thucydides.core.steps.StepInterceptor - STARTING STEP: AllSteps.iClickTheConfirmationButtonToPublishIt - I click the confirmation button to publish it
I click the confirmation button to publish it
00:15:53.023 [main] DEBUG net.thucydides.core.steps.StepInterceptor - STEP DONE: I click the confirmation button to publish it
  &amp#27;[32mAnd &amp#27;[0m&amp#27;[32mI click the confirmation button to publish it&amp#27;[0m   &amp#27;[90m# starter.stepdefinitions.AllSteps.iClickTheConfirmationButtonToPublishIt()&amp#27;[0m
00:15:53.025 [main] DEBUG net.thucydides.core.steps.StepInterceptor - STARTING STEP: AllSteps.iRedirectToThePostOfPublishedVideoPost - I redirect to the post of published video post
I redirect to the post of published video post
00:15:53.025 [main] DEBUG net.thucydides.core.steps.StepInterceptor - STEP DONE: I redirect to the post of published video post
  &amp#27;[32mThen &amp#27;[0m&amp#27;[32mI redirect to the post of published video post&amp#27;[0m &amp#27;[90m# starter.stepdefinitions.AllSteps.iRedirectToThePostOfPublishedVideoPost()&amp#27;[0m
00:15:53.026 [main] INFO  - 
  _____   ___   ___   _____     ___     _     ___   ___   ___   ___  
 |_   _| | __| / __| |_   _|   | _ \   /_\   / __| / __| | __| |   \ 
   | |   | _|  \__ \   | |     |  _/  / _ \  \__ \ \__ \ | _|  | |) |
   |_|   |___| |___/   |_|     |_|   /_/ \_\ |___/ |___/ |___| |___/ 

As a User I can Post Video
----------------------------------------------------------------------
]]></system-out>
  </testcase>
  <testcase name="As a User I can Create a Article Post" classname="CreatePost" time="0.048">
    <system-out><![CDATA[
Scenario: As a User I can Create a Article Post         &amp#27;[90m# src/test/resources/features/CreatePost.feature:34&amp#27;[0m
00:15:53.037 [main] INFO io.cucumber.core.plugin.SerenityReporter - Running feature from file:///D:/Maven/Project/Soal%20Prioritas%201%20-%20Linkedin/src/test/resources/features/CreatePost.feature
00:15:53.039 [main] INFO  - 
  _____   ___   ___   _____     ___   _____     _     ___   _____   ___   ___  
 |_   _| | __| / __| |_   _|   / __| |_   _|   /_\   | _ \ |_   _| | __| |   \ 
   | |   | _|  \__ \   | |     \__ \   | |    / _ \  |   /   | |   | _|  | |) |
   |_|   |___| |___/   |_|     |___/   |_|   /_/ \_\ |_|_\   |_|   |___| |___/ 

As a User I can Create a Article Post(createpost;as-a-user-i-can-create-a-article-post)
--------------------------------------------------------------------------------
00:15:53.048 [main] DEBUG net.thucydides.core.steps.StepInterceptor - STARTING STEP: AllSteps.iAmOnTheLinkedInHomepage - User on the LinkedIn home page
I am on the LinkedIn home page
00:15:53.048 [main] DEBUG net.thucydides.core.steps.StepInterceptor - STEP DONE: User on the LinkedIn home page
  &amp#27;[32mGiven &amp#27;[0m&amp#27;[32mI am on the LinkedIn homepage&amp#27;[0m                   &amp#27;[90m# starter.stepdefinitions.AllSteps.iAmOnTheLinkedInHomepage()&amp#27;[0m
00:15:53.051 [main] DEBUG net.thucydides.core.steps.StepInterceptor - STARTING STEP: AllSteps.iClickTheCreatePostButton - I click the Create Post button
I click the Create Post button
00:15:53.051 [main] DEBUG net.thucydides.core.steps.StepInterceptor - STEP DONE: I click the Create Post button
  &amp#27;[32mWhen &amp#27;[0m&amp#27;[32mI click the Create Post button&amp#27;[0m                   &amp#27;[90m# starter.stepdefinitions.AllSteps.iClickTheCreatePostButton()&amp#27;[0m
00:15:53.054 [main] DEBUG net.thucydides.core.steps.StepInterceptor - STARTING STEP: AllSteps.iSelectArticleAsThePostType - I select Article as the post type
I select Article as the post type
00:15:53.054 [main] DEBUG net.thucydides.core.steps.StepInterceptor - STEP DONE: I select Article as the post type
  &amp#27;[32mAnd &amp#27;[0m&amp#27;[32mI select Article as the post type&amp#27;[0m                 &amp#27;[90m# starter.stepdefinitions.AllSteps.iSelectArticleAsThePostType()&amp#27;[0m
00:15:53.058 [main] DEBUG net.thucydides.core.steps.StepInterceptor - STARTING STEP: AllSteps.iEnterTheArticleTitle - I enter the article title
I enter the article title
00:15:53.058 [main] DEBUG net.thucydides.core.steps.StepInterceptor - STEP DONE: I enter the article title
  &amp#27;[32mAnd &amp#27;[0m&amp#27;[32mI enter the article title&amp#27;[0m                         &amp#27;[90m# starter.stepdefinitions.AllSteps.iEnterTheArticleTitle()&amp#27;[0m
00:15:53.062 [main] DEBUG net.thucydides.core.steps.StepInterceptor - STARTING STEP: AllSteps.iWriteTheArticleContent - I write the article content
I write the article content
00:15:53.063 [main] DEBUG net.thucydides.core.steps.StepInterceptor - STEP DONE: I write the article content
  &amp#27;[32mAnd &amp#27;[0m&amp#27;[32mI write the article content&amp#27;[0m                       &amp#27;[90m# starter.stepdefinitions.AllSteps.iWriteTheArticleContent()&amp#27;[0m
00:15:53.066 [main] DEBUG net.thucydides.core.steps.StepInterceptor - STARTING STEP: AllSteps.iClickTheNextButtonWithinTheArticleEditor - I click the next button within the article editor
I click the next button within the article editor
00:15:53.067 [main] DEBUG net.thucydides.core.steps.StepInterceptor - STEP DONE: I click the next button within the article editor
  &amp#27;[32mAnd &amp#27;[0m&amp#27;[32mI click the next button within the article editor&amp#27;[0m &amp#27;[90m# starter.stepdefinitions.AllSteps.iClickTheNextButtonWithinTheArticleEditor()&amp#27;[0m
00:15:53.070 [main] DEBUG net.thucydides.core.steps.StepInterceptor - STARTING STEP: AllSteps.iClickTheConfirmationButtonToPublishIt - I click the confirmation button to publish it
I click the confirmation button to publish it
00:15:53.071 [main] DEBUG net.thucydides.core.steps.StepInterceptor - STEP DONE: I click the confirmation button to publish it
  &amp#27;[32mAnd &amp#27;[0m&amp#27;[32mI click the confirmation button to publish it&amp#27;[0m     &amp#27;[90m# starter.stepdefinitions.AllSteps.iClickTheConfirmationButtonToPublishIt()&amp#27;[0m
00:15:53.073 [main] DEBUG net.thucydides.core.steps.StepInterceptor - STARTING STEP: AllSteps.iRedirectToThePostOfPublishedArticlePost - I redirect to the post of published article post
I redirect to the post of published article post
00:15:53.073 [main] DEBUG net.thucydides.core.steps.StepInterceptor - STEP DONE: I redirect to the post of published article post
  &amp#27;[32mThen &amp#27;[0m&amp#27;[32mI redirect to the post of published article post&amp#27;[0m &amp#27;[90m# starter.stepdefinitions.AllSteps.iRedirectToThePostOfPublishedArticlePost()&amp#27;[0m
00:15:53.075 [main] INFO  - 
  _____   ___   ___   _____     ___     _     ___   ___   ___   ___  
 |_   _| | __| / __| |_   _|   | _ \   /_\   / __| / __| | __| |   \ 
   | |   | _|  \__ \   | |     |  _/  / _ \  \__ \ \__ \ | _|  | |) |
   |_|   |___| |___/   |_|     |_|   /_/ \_\ |___/ |___/ |___| |___/ 

As a User I can Create a Article Post
----------------------------------------------------------------------
]]></system-out>
  </testcase>
  <testcase name="As a User I can Create a Program Post" classname="CreatePost" time="0.061">
    <system-out><![CDATA[
Scenario: As a User I can Create a Program Post         &amp#27;[90m# src/test/resources/features/CreatePost.feature:43&amp#27;[0m
00:15:53.085 [main] INFO io.cucumber.core.plugin.SerenityReporter - Running feature from file:///D:/Maven/Project/Soal%20Prioritas%201%20-%20Linkedin/src/test/resources/features/CreatePost.feature
00:15:53.088 [main] INFO  - 
  _____   ___   ___   _____     ___   _____     _     ___   _____   ___   ___  
 |_   _| | __| / __| |_   _|   / __| |_   _|   /_\   | _ \ |_   _| | __| |   \ 
   | |   | _|  \__ \   | |     \__ \   | |    / _ \  |   /   | |   | _|  | |) |
   |_|   |___| |___/   |_|     |___/   |_|   /_/ \_\ |_|_\   |_|   |___| |___/ 

As a User I can Create a Program Post(createpost;as-a-user-i-can-create-a-program-post)
--------------------------------------------------------------------------------
00:15:53.097 [main] DEBUG net.thucydides.core.steps.StepInterceptor - STARTING STEP: AllSteps.iAmOnTheLinkedInHomepage - User on the LinkedIn home page
I am on the LinkedIn home page
00:15:53.097 [main] DEBUG net.thucydides.core.steps.StepInterceptor - STEP DONE: User on the LinkedIn home page
  &amp#27;[32mGiven &amp#27;[0m&amp#27;[32mI am on the LinkedIn homepage&amp#27;[0m                   &amp#27;[90m# starter.stepdefinitions.AllSteps.iAmOnTheLinkedInHomepage()&amp#27;[0m
00:15:53.099 [main] DEBUG net.thucydides.core.steps.StepInterceptor - STARTING STEP: AllSteps.iClickTheCreateProgramButton - I click the Create program button
I click the Create program button
00:15:53.099 [main] DEBUG net.thucydides.core.steps.StepInterceptor - STEP DONE: I click the Create program button
  &amp#27;[32mWhen &amp#27;[0m&amp#27;[32mI click the Create program button&amp#27;[0m                &amp#27;[90m# starter.stepdefinitions.AllSteps.iClickTheCreateProgramButton()&amp#27;[0m
00:15:53.102 [main] DEBUG net.thucydides.core.steps.StepInterceptor - STARTING STEP: AllSteps.iSelectTheProgramType - I select the program type
I select the program type
00:15:53.102 [main] DEBUG net.thucydides.core.steps.StepInterceptor - STEP DONE: I select the program type
  &amp#27;[32mAnd &amp#27;[0m&amp#27;[32mI select the program type&amp#27;[0m                         &amp#27;[90m# starter.stepdefinitions.AllSteps.iSelectTheProgramType()&amp#27;[0m
00:15:53.105 [main] DEBUG net.thucydides.core.steps.StepInterceptor - STARTING STEP: AllSteps.iSelectTheProgramFormat - I select the program format
I select the program format
00:15:53.105 [main] DEBUG net.thucydides.core.steps.StepInterceptor - STEP DONE: I select the program format
  &amp#27;[32mAnd &amp#27;[0m&amp#27;[32mI select the program format&amp#27;[0m                       &amp#27;[90m# starter.stepdefinitions.AllSteps.iSelectTheProgramFormat()&amp#27;[0m
00:15:53.108 [main] DEBUG net.thucydides.core.steps.StepInterceptor - STARTING STEP: AllSteps.iWriteTheProgramTitle - I write the program title
I write the program title
00:15:53.108 [main] DEBUG net.thucydides.core.steps.StepInterceptor - STEP DONE: I write the program title
  &amp#27;[32mAnd &amp#27;[0m&amp#27;[32mI write the program title&amp#27;[0m                         &amp#27;[90m# starter.stepdefinitions.AllSteps.iWriteTheProgramTitle()&amp#27;[0m
00:15:53.112 [main] DEBUG net.thucydides.core.steps.StepInterceptor - STARTING STEP: AllSteps.iSelectTheProgramZone - I select the program zone
I select the program zone
00:15:53.112 [main] DEBUG net.thucydides.core.steps.StepInterceptor - STEP DONE: I select the program zone
  &amp#27;[32mAnd &amp#27;[0m&amp#27;[32mI select the program zone&amp#27;[0m                         &amp#27;[90m# starter.stepdefinitions.AllSteps.iSelectTheProgramZone()&amp#27;[0m
00:15:53.114 [main] DEBUG net.thucydides.core.steps.StepInterceptor - STARTING STEP: AllSteps.iChooseTheProgramStartedDate - I choose the program started date
I choose the program started date
00:15:53.114 [main] DEBUG net.thucydides.core.steps.StepInterceptor - STEP DONE: I choose the program started date
  &amp#27;[32mAnd &amp#27;[0m&amp#27;[32mI choose the program started date&amp#27;[0m                 &amp#27;[90m# starter.stepdefinitions.AllSteps.iChooseTheProgramStartedDate()&amp#27;[0m
00:15:53.117 [main] DEBUG net.thucydides.core.steps.StepInterceptor - STARTING STEP: AllSteps.iChooseTheProgramStartedTime - I choose the program started time
I choose the program started time
00:15:53.117 [main] DEBUG net.thucydides.core.steps.StepInterceptor - STEP DONE: I choose the program started time
  &amp#27;[32mAnd &amp#27;[0m&amp#27;[32mI choose the program started time&amp#27;[0m                 &amp#27;[90m# starter.stepdefinitions.AllSteps.iChooseTheProgramStartedTime()&amp#27;[0m
00:15:53.119 [main] DEBUG net.thucydides.core.steps.StepInterceptor - STARTING STEP: AllSteps.iClickCheckboxForAddEndedDateAndTime - I click checkbox for add ended date and time
System.out.println
00:15:53.120 [main] DEBUG net.thucydides.core.steps.StepInterceptor - STEP DONE: I click checkbox for add ended date and time
  &amp#27;[32mAnd &amp#27;[0m&amp#27;[32mI click checkbox for add ended date and time&amp#27;[0m      &amp#27;[90m# starter.stepdefinitions.AllSteps.iClickCheckboxForAddEndedDateAndTime()&amp#27;[0m
00:15:53.122 [main] DEBUG net.thucydides.core.steps.StepInterceptor - STARTING STEP: AllSteps.iChooseTheProgramEndedDate - I choose the program ended date
I choose the program ended date
00:15:53.122 [main] DEBUG net.thucydides.core.steps.StepInterceptor - STEP DONE: I choose the program ended date
  &amp#27;[32mAnd &amp#27;[0m&amp#27;[32mI choose the program ended date&amp#27;[0m                   &amp#27;[90m# starter.stepdefinitions.AllSteps.iChooseTheProgramEndedDate()&amp#27;[0m
00:15:53.124 [main] DEBUG net.thucydides.core.steps.StepInterceptor - STARTING STEP: AllSteps.iChooseTheProgramEndedTime - I choose the program ended time
I choose the program ended time
00:15:53.124 [main] DEBUG net.thucydides.core.steps.StepInterceptor - STEP DONE: I choose the program ended time
  &amp#27;[32mAnd &amp#27;[0m&amp#27;[32mI choose the program ended time&amp#27;[0m                   &amp#27;[90m# starter.stepdefinitions.AllSteps.iChooseTheProgramEndedTime()&amp#27;[0m
00:15:53.126 [main] DEBUG net.thucydides.core.steps.StepInterceptor - STARTING STEP: AllSteps.iWriteTheDescriptionProgram - I write the description program
I write the description program
00:15:53.126 [main] DEBUG net.thucydides.core.steps.StepInterceptor - STEP DONE: I write the description program
  &amp#27;[32mAnd &amp#27;[0m&amp#27;[32mI write the description program&amp#27;[0m                   &amp#27;[90m# starter.stepdefinitions.AllSteps.iWriteTheDescriptionProgram()&amp#27;[0m
00:15:53.129 [main] DEBUG net.thucydides.core.steps.StepInterceptor - STARTING STEP: AllSteps.iTagASpokesman - I tag a spokesman
I tag a spokesman
00:15:53.129 [main] DEBUG net.thucydides.core.steps.StepInterceptor - STEP DONE: I tag a spokesman
  &amp#27;[32mAnd &amp#27;[0m&amp#27;[32mI tag a spokesman&amp#27;[0m                                 &amp#27;[90m# starter.stepdefinitions.AllSteps.iTagASpokesman()&amp#27;[0m
00:15:53.131 [main] DEBUG net.thucydides.core.steps.StepInterceptor - STARTING STEP: AllSteps.iClickTheNextButton - I click the next button
I click the next button
00:15:53.131 [main] DEBUG net.thucydides.core.steps.StepInterceptor - STEP DONE: I click the next button
  &amp#27;[32mAnd &amp#27;[0m&amp#27;[32mI click the next button&amp#27;[0m                           &amp#27;[90m# starter.stepdefinitions.AllSteps.iClickTheNextButton()&amp#27;[0m
00:15:53.133 [main] DEBUG net.thucydides.core.steps.StepInterceptor - STARTING STEP: AllSteps.iClickTheConfirmationButtonToPublishIt - I click the confirmation button to publish it
I click the confirmation button to publish it
00:15:53.133 [main] DEBUG net.thucydides.core.steps.StepInterceptor - STEP DONE: I click the confirmation button to publish it
  &amp#27;[32mAnd &amp#27;[0m&amp#27;[32mI click the confirmation button to publish it&amp#27;[0m     &amp#27;[90m# starter.stepdefinitions.AllSteps.iClickTheConfirmationButtonToPublishIt()&amp#27;[0m
00:15:53.135 [main] DEBUG net.thucydides.core.steps.StepInterceptor - STARTING STEP: AllSteps.iRedirectToThePostOfPublishedProgramPost - I redirect to the post of published program post
I redirect to the post of published program post
00:15:53.136 [main] DEBUG net.thucydides.core.steps.StepInterceptor - STEP DONE: I redirect to the post of published program post
  &amp#27;[32mThen &amp#27;[0m&amp#27;[32mI redirect to the post of published program post&amp#27;[0m &amp#27;[90m# starter.stepdefinitions.AllSteps.iRedirectToThePostOfPublishedProgramPost()&amp#27;[0m
00:15:53.137 [main] INFO  - 
  _____   ___   ___   _____     ___     _     ___   ___   ___   ___  
 |_   _| | __| / __| |_   _|   | _ \   /_\   / __| / __| | __| |   \ 
   | |   | _|  \__ \   | |     |  _/  / _ \  \__ \ \__ \ | _|  | |) |
   |_|   |___| |___/   |_|     |_|   /_/ \_\ |___/ |___/ |___| |___/ 

As a User I can Create a Program Post
----------------------------------------------------------------------
]]></system-out>
  </testcase>
  <testcase name="As a User I can like Posts" classname="ReactionPost" time="0.031">
    <system-out><![CDATA[00:15:53.139 [main] INFO io.cucumber.core.plugin.SerenityReporter - Running feature from file:///D:/Maven/Project/Soal%20Prioritas%201%20-%20Linkedin/src/test/resources/features/ReactionPost.feature
00:15:53.142 [main] DEBUG net.thucydides.core.steps.StepEventBus - Test suite started for story net.thucydides.core.model.Story@711d8368
00:15:53.143 [main] INFO  - Test Suite Started: Reaction post

Scenario: As a User I can like Posts  &amp#27;[90m# src/test/resources/features/ReactionPost.feature:10&amp#27;[0m
00:15:53.152 [main] INFO io.cucumber.core.plugin.SerenityReporter - Running feature from file:///D:/Maven/Project/Soal%20Prioritas%201%20-%20Linkedin/src/test/resources/features/ReactionPost.feature
00:15:53.153 [main] INFO  - 
  _____   ___   ___   _____     ___   _____     _     ___   _____   ___   ___  
 |_   _| | __| / __| |_   _|   / __| |_   _|   /_\   | _ \ |_   _| | __| |   \ 
   | |   | _|  \__ \   | |     \__ \   | |    / _ \  |   /   | |   | _|  | |) |
   |_|   |___| |___/   |_|     |___/   |_|   /_/ \_\ |_|_\   |_|   |___| |___/ 

As a User I can like Posts(reactionpost;as-a-user-i-can-like-posts)
--------------------------------------------------------------------------------
00:15:53.164 [main] DEBUG net.thucydides.core.steps.StepInterceptor - STARTING STEP: AllSteps.iAmOnTheLinkedInHomepage - User on the LinkedIn home page
I am on the LinkedIn home page
00:15:53.164 [main] DEBUG net.thucydides.core.steps.StepInterceptor - STEP DONE: User on the LinkedIn home page
  &amp#27;[32mGiven &amp#27;[0m&amp#27;[32mI am on the LinkedIn homepage&amp#27;[0m &amp#27;[90m# starter.stepdefinitions.AllSteps.iAmOnTheLinkedInHomepage()&amp#27;[0m
00:15:53.168 [main] DEBUG net.thucydides.core.steps.StepInterceptor - STARTING STEP: AllSteps.iSeeThePostThatILike - I see the post that i like
I see the post that i like
00:15:53.168 [main] DEBUG net.thucydides.core.steps.StepInterceptor - STEP DONE: I see the post that i like
  &amp#27;[32mWhen &amp#27;[0m&amp#27;[32mI see the post that i like&amp#27;[0m     &amp#27;[90m# starter.stepdefinitions.AllSteps.iSeeThePostThatILike()&amp#27;[0m
00:15:53.171 [main] DEBUG net.thucydides.core.steps.StepInterceptor - STARTING STEP: AllSteps.iClickIconLikeInThatPosts - I click icon like in that posts
I click icon like in that posts
00:15:53.171 [main] DEBUG net.thucydides.core.steps.StepInterceptor - STEP DONE: I click icon like in that posts
  &amp#27;[32mAnd &amp#27;[0m&amp#27;[32mI click icon like in that posts&amp#27;[0m &amp#27;[90m# starter.stepdefinitions.AllSteps.iClickIconLikeInThatPosts()&amp#27;[0m
00:15:53.174 [main] DEBUG net.thucydides.core.steps.StepInterceptor - STARTING STEP: AllSteps.thePostsSuccessfullyLiked - the posts successfully liked
the posts successfully liked
00:15:53.174 [main] DEBUG net.thucydides.core.steps.StepInterceptor - STEP DONE: the posts successfully liked
  &amp#27;[32mThen &amp#27;[0m&amp#27;[32mthe posts successfully liked&amp#27;[0m   &amp#27;[90m# starter.stepdefinitions.AllSteps.thePostsSuccessfullyLiked()&amp#27;[0m
00:15:53.175 [main] INFO  - 
  _____   ___   ___   _____     ___     _     ___   ___   ___   ___  
 |_   _| | __| / __| |_   _|   | _ \   /_\   / __| / __| | __| |   \ 
   | |   | _|  \__ \   | |     |  _/  / _ \  \__ \ \__ \ | _|  | |) |
   |_|   |___| |___/   |_|     |_|   /_/ \_\ |___/ |___/ |___| |___/ 

As a User I can like Posts
----------------------------------------------------------------------
]]></system-out>
  </testcase>
  <testcase name="As a User I can comment Posts" classname="ReactionPost" time="0.037">
    <system-out><![CDATA[
Scenario: As a User I can comment Posts            &amp#27;[90m# src/test/resources/features/ReactionPost.feature:15&amp#27;[0m
00:15:53.184 [main] INFO io.cucumber.core.plugin.SerenityReporter - Running feature from file:///D:/Maven/Project/Soal%20Prioritas%201%20-%20Linkedin/src/test/resources/features/ReactionPost.feature
00:15:53.185 [main] INFO  - 
  _____   ___   ___   _____     ___   _____     _     ___   _____   ___   ___  
 |_   _| | __| / __| |_   _|   / __| |_   _|   /_\   | _ \ |_   _| | __| |   \ 
   | |   | _|  \__ \   | |     \__ \   | |    / _ \  |   /   | |   | _|  | |) |
   |_|   |___| |___/   |_|     |___/   |_|   /_/ \_\ |_|_\   |_|   |___| |___/ 

As a User I can comment Posts(reactionpost;as-a-user-i-can-comment-posts)
--------------------------------------------------------------------------------
00:15:53.199 [main] DEBUG net.thucydides.core.steps.StepInterceptor - STARTING STEP: AllSteps.iAmOnTheLinkedInHomepage - User on the LinkedIn home page
I am on the LinkedIn home page
00:15:53.200 [main] DEBUG net.thucydides.core.steps.StepInterceptor - STEP DONE: User on the LinkedIn home page
  &amp#27;[32mGiven &amp#27;[0m&amp#27;[32mI am on the LinkedIn homepage&amp#27;[0m              &amp#27;[90m# starter.stepdefinitions.AllSteps.iAmOnTheLinkedInHomepage()&amp#27;[0m
00:15:53.202 [main] DEBUG net.thucydides.core.steps.StepInterceptor - STARTING STEP: AllSteps.iSeeThePostThatIWantToAddAComment - I see the post that i want to add a comment
I see the post that i want to add a comment
00:15:53.203 [main] DEBUG net.thucydides.core.steps.StepInterceptor - STEP DONE: I see the post that i want to add a comment
  &amp#27;[32mWhen &amp#27;[0m&amp#27;[32mI see the post that i want to add a comment&amp#27;[0m &amp#27;[90m# starter.stepdefinitions.AllSteps.iSeeThePostThatIWantToAddAComment()&amp#27;[0m
00:15:53.205 [main] DEBUG net.thucydides.core.steps.StepInterceptor - STARTING STEP: AllSteps.iClickIconCommentInThatPosts - I click icon comment in that posts
I click icon comment in that posts
00:15:53.205 [main] DEBUG net.thucydides.core.steps.StepInterceptor - STEP DONE: I click icon comment in that posts
  &amp#27;[32mAnd &amp#27;[0m&amp#27;[32mI click icon comment in that posts&amp#27;[0m           &amp#27;[90m# starter.stepdefinitions.AllSteps.iClickIconCommentInThatPosts()&amp#27;[0m
00:15:53.207 [main] DEBUG net.thucydides.core.steps.StepInterceptor - STARTING STEP: AllSteps.iWriteTheComment - I write the comment
I write the comment
00:15:53.207 [main] DEBUG net.thucydides.core.steps.StepInterceptor - STEP DONE: I write the comment
  &amp#27;[32mAnd &amp#27;[0m&amp#27;[32mI write the comment&amp#27;[0m                          &amp#27;[90m# starter.stepdefinitions.AllSteps.iWriteTheComment()&amp#27;[0m
00:15:53.209 [main] DEBUG net.thucydides.core.steps.StepInterceptor - STARTING STEP: AllSteps.iClickButtonPost - I click button post
I click button post
00:15:53.209 [main] DEBUG net.thucydides.core.steps.StepInterceptor - STEP DONE: I click button post
  &amp#27;[32mAnd &amp#27;[0m&amp#27;[32mI click button post&amp#27;[0m                          &amp#27;[90m# starter.stepdefinitions.AllSteps.iClickButtonPost()&amp#27;[0m
00:15:53.211 [main] DEBUG net.thucydides.core.steps.StepInterceptor - STARTING STEP: AllSteps.theCommentHasBeenAddedSuccessfully - the comment has been added successfully
the comment has been added successfully
00:15:53.211 [main] DEBUG net.thucydides.core.steps.StepInterceptor - STEP DONE: the comment has been added successfully
  &amp#27;[32mThen &amp#27;[0m&amp#27;[32mthe comment has been added successfully&amp#27;[0m     &amp#27;[90m# starter.stepdefinitions.AllSteps.theCommentHasBeenAddedSuccessfully()&amp#27;[0m
00:15:53.212 [main] INFO  - 
  _____   ___   ___   _____     ___     _     ___   ___   ___   ___  
 |_   _| | __| / __| |_   _|   | _ \   /_\   / __| / __| | __| |   \ 
   | |   | _|  \__ \   | |     |  _/  / _ \  \__ \ \__ \ | _|  | |) |
   |_|   |___| |___/   |_|     |_|   /_/ \_\ |___/ |___/ |___| |___/ 

As a User I can comment Posts
----------------------------------------------------------------------
]]></system-out>
  </testcase>
  <testcase name="As a User I can reposted the Posts with add my opinion" classname="ReactionPost" time="0.037">
    <system-out><![CDATA[
Scenario: As a User I can reposted the Posts with add my opinion &amp#27;[90m# src/test/resources/features/ReactionPost.feature:22&amp#27;[0m
00:15:53.219 [main] INFO io.cucumber.core.plugin.SerenityReporter - Running feature from file:///D:/Maven/Project/Soal%20Prioritas%201%20-%20Linkedin/src/test/resources/features/ReactionPost.feature
00:15:53.221 [main] INFO  - 
  _____   ___   ___   _____     ___   _____     _     ___   _____   ___   ___  
 |_   _| | __| / __| |_   _|   / __| |_   _|   /_\   | _ \ |_   _| | __| |   \ 
   | |   | _|  \__ \   | |     \__ \   | |    / _ \  |   /   | |   | _|  | |) |
   |_|   |___| |___/   |_|     |___/   |_|   /_/ \_\ |_|_\   |_|   |___| |___/ 

As a User I can reposted the Posts with add my opinion(reactionpost;as-a-user-i-can-reposted-the-posts-with-add-my-opinion)
--------------------------------------------------------------------------------
00:15:53.231 [main] DEBUG net.thucydides.core.steps.StepInterceptor - STARTING STEP: AllSteps.iAmOnTheLinkedInHomepage - User on the LinkedIn home page
I am on the LinkedIn home page
00:15:53.231 [main] DEBUG net.thucydides.core.steps.StepInterceptor - STEP DONE: User on the LinkedIn home page
  &amp#27;[32mGiven &amp#27;[0m&amp#27;[32mI am on the LinkedIn homepage&amp#27;[0m                            &amp#27;[90m# starter.stepdefinitions.AllSteps.iAmOnTheLinkedInHomepage()&amp#27;[0m
00:15:53.234 [main] DEBUG net.thucydides.core.steps.StepInterceptor - STARTING STEP: AllSteps.iSeeThePostThatIWantToRepostIt - I see the post that i want to repost it
I see the post that i want to repost it
00:15:53.234 [main] DEBUG net.thucydides.core.steps.StepInterceptor - STEP DONE: I see the post that i want to repost it
  &amp#27;[32mWhen &amp#27;[0m&amp#27;[32mI see the post that i want to repost it&amp#27;[0m                   &amp#27;[90m# starter.stepdefinitions.AllSteps.iSeeThePostThatIWantToRepostIt()&amp#27;[0m
00:15:53.237 [main] DEBUG net.thucydides.core.steps.StepInterceptor - STARTING STEP: AllSteps.iClickIconRepostInThatPosts - I click icon repost in that posts
I click icon repost in that posts
00:15:53.238 [main] DEBUG net.thucydides.core.steps.StepInterceptor - STEP DONE: I click icon repost in that posts
  &amp#27;[32mAnd &amp#27;[0m&amp#27;[32mI click icon repost in that posts&amp#27;[0m                          &amp#27;[90m# starter.stepdefinitions.AllSteps.iClickIconRepostInThatPosts()&amp#27;[0m
00:15:53.240 [main] DEBUG net.thucydides.core.steps.StepInterceptor - STARTING STEP: AllSteps.iSelectRepostWithMyThought - I select repost with my thought
I select repost with my thought
00:15:53.241 [main] DEBUG net.thucydides.core.steps.StepInterceptor - STEP DONE: I select repost with my thought
  &amp#27;[32mAnd &amp#27;[0m&amp#27;[32mI select repost with my thought&amp#27;[0m                            &amp#27;[90m# starter.stepdefinitions.AllSteps.iSelectRepostWithMyThought()&amp#27;[0m
00:15:53.243 [main] DEBUG net.thucydides.core.steps.StepInterceptor - STARTING STEP: AllSteps.iWriteIAgreeAboutThisOne - I write I Agree about this one
I write I Agree about this one
00:15:53.243 [main] DEBUG net.thucydides.core.steps.StepInterceptor - STEP DONE: I write I Agree about this one
  &amp#27;[32mAnd &amp#27;[0m&amp#27;[32mI write I Agree about this one&amp#27;[0m                             &amp#27;[90m# starter.stepdefinitions.AllSteps.iWriteIAgreeAboutThisOne()&amp#27;[0m
00:15:53.246 [main] DEBUG net.thucydides.core.steps.StepInterceptor - STARTING STEP: AllSteps.iClickButtonPost - I click button post
I click button post
00:15:53.246 [main] DEBUG net.thucydides.core.steps.StepInterceptor - STEP DONE: I click button post
  &amp#27;[32mAnd &amp#27;[0m&amp#27;[32mI click button post&amp#27;[0m                                        &amp#27;[90m# starter.stepdefinitions.AllSteps.iClickButtonPost()&amp#27;[0m
00:15:53.248 [main] DEBUG net.thucydides.core.steps.StepInterceptor - STARTING STEP: AllSteps.theRepostPostHasBeenReposted - the repost post has been reposted
the repost post has been reposted
00:15:53.248 [main] DEBUG net.thucydides.core.steps.StepInterceptor - STEP DONE: the repost post has been reposted
  &amp#27;[32mThen &amp#27;[0m&amp#27;[32mthe repost post has been reposted&amp#27;[0m                         &amp#27;[90m# starter.stepdefinitions.AllSteps.theRepostPostHasBeenReposted()&amp#27;[0m
00:15:53.249 [main] INFO  - 
  _____   ___   ___   _____     ___     _     ___   ___   ___   ___  
 |_   _| | __| / __| |_   _|   | _ \   /_\   / __| / __| | __| |   \ 
   | |   | _|  \__ \   | |     |  _/  / _ \  \__ \ \__ \ | _|  | |) |
   |_|   |___| |___/   |_|     |_|   /_/ \_\ |___/ |___/ |___| |___/ 

As a User I can reposted the Posts with add my opinion
----------------------------------------------------------------------
]]></system-out>
  </testcase>
  <testcase name="As a User I can reposted the Posts with instant repost" classname="ReactionPost" time="0.029">
    <system-out><![CDATA[
Scenario: As a User I can reposted the Posts with instant repost &amp#27;[90m# src/test/resources/features/ReactionPost.feature:30&amp#27;[0m
00:15:53.257 [main] INFO io.cucumber.core.plugin.SerenityReporter - Running feature from file:///D:/Maven/Project/Soal%20Prioritas%201%20-%20Linkedin/src/test/resources/features/ReactionPost.feature
00:15:53.259 [main] INFO  - 
  _____   ___   ___   _____     ___   _____     _     ___   _____   ___   ___  
 |_   _| | __| / __| |_   _|   / __| |_   _|   /_\   | _ \ |_   _| | __| |   \ 
   | |   | _|  \__ \   | |     \__ \   | |    / _ \  |   /   | |   | _|  | |) |
   |_|   |___| |___/   |_|     |___/   |_|   /_/ \_\ |_|_\   |_|   |___| |___/ 

As a User I can reposted the Posts with instant repost(reactionpost;as-a-user-i-can-reposted-the-posts-with-instant-repost)
--------------------------------------------------------------------------------
00:15:53.267 [main] DEBUG net.thucydides.core.steps.StepInterceptor - STARTING STEP: AllSteps.iAmOnTheLinkedInHomepage - User on the LinkedIn home page
I am on the LinkedIn home page
00:15:53.268 [main] DEBUG net.thucydides.core.steps.StepInterceptor - STEP DONE: User on the LinkedIn home page
  &amp#27;[32mGiven &amp#27;[0m&amp#27;[32mI am on the LinkedIn homepage&amp#27;[0m                            &amp#27;[90m# starter.stepdefinitions.AllSteps.iAmOnTheLinkedInHomepage()&amp#27;[0m
00:15:53.271 [main] DEBUG net.thucydides.core.steps.StepInterceptor - STARTING STEP: AllSteps.iSeeThePostThatIWantToRepostIt - I see the post that i want to repost it
I see the post that i want to repost it
00:15:53.271 [main] DEBUG net.thucydides.core.steps.StepInterceptor - STEP DONE: I see the post that i want to repost it
  &amp#27;[32mWhen &amp#27;[0m&amp#27;[32mI see the post that i want to repost it&amp#27;[0m                   &amp#27;[90m# starter.stepdefinitions.AllSteps.iSeeThePostThatIWantToRepostIt()&amp#27;[0m
00:15:53.273 [main] DEBUG net.thucydides.core.steps.StepInterceptor - STARTING STEP: AllSteps.iClickIconRepostInThatPosts - I click icon repost in that posts
I click icon repost in that posts
00:15:53.273 [main] DEBUG net.thucydides.core.steps.StepInterceptor - STEP DONE: I click icon repost in that posts
  &amp#27;[32mAnd &amp#27;[0m&amp#27;[32mI click icon repost in that posts&amp#27;[0m                          &amp#27;[90m# starter.stepdefinitions.AllSteps.iClickIconRepostInThatPosts()&amp#27;[0m
00:15:53.274 [main] DEBUG net.thucydides.core.steps.StepInterceptor - STARTING STEP: AllSteps.iSelectRepostWithInstant - I select repost with instant
I select repost with instant
00:15:53.274 [main] DEBUG net.thucydides.core.steps.StepInterceptor - STEP DONE: I select repost with instant
  &amp#27;[32mAnd &amp#27;[0m&amp#27;[32mI select repost with instant&amp#27;[0m                               &amp#27;[90m# starter.stepdefinitions.AllSteps.iSelectRepostWithInstant()&amp#27;[0m
00:15:53.277 [main] DEBUG net.thucydides.core.steps.StepInterceptor - STARTING STEP: AllSteps.theRepostPostHasBeenRepostedSuccessfully - the repost post has been reposted successfully
the repost post has been reposted successfully
00:15:53.277 [main] DEBUG net.thucydides.core.steps.StepInterceptor - STEP DONE: the repost post has been reposted successfully
  &amp#27;[32mThen &amp#27;[0m&amp#27;[32mthe repost post has been reposted successfully&amp#27;[0m            &amp#27;[90m# starter.stepdefinitions.AllSteps.theRepostPostHasBeenRepostedSuccessfully()&amp#27;[0m
00:15:53.278 [main] INFO  - 
  _____   ___   ___   _____     ___     _     ___   ___   ___   ___  
 |_   _| | __| / __| |_   _|   | _ \   /_\   / __| / __| | __| |   \ 
   | |   | _|  \__ \   | |     |  _/  / _ \  \__ \ \__ \ | _|  | |) |
   |_|   |___| |___/   |_|     |_|   /_/ \_\ |___/ |___/ |___| |___/ 

As a User I can reposted the Posts with instant repost
----------------------------------------------------------------------
]]></system-out>
  </testcase>
  <testcase name="As a User I can Scroll Up to the newest Posts" classname="ScrollUp" time="0.033">
    <system-out><![CDATA[00:15:53.279 [main] INFO io.cucumber.core.plugin.SerenityReporter - Running feature from file:///D:/Maven/Project/Soal%20Prioritas%201%20-%20Linkedin/src/test/resources/features/ScrollUp.feature
00:15:53.281 [main] DEBUG net.thucydides.core.steps.StepEventBus - Test suite started for story net.thucydides.core.model.Story@7478c848
00:15:53.281 [main] INFO  - Test Suite Started: Scroll up

Scenario: As a User I can Scroll Up to the newest Posts &amp#27;[90m# src/test/resources/features/ScrollUp.feature:10&amp#27;[0m
00:15:53.289 [main] INFO io.cucumber.core.plugin.SerenityReporter - Running feature from file:///D:/Maven/Project/Soal%20Prioritas%201%20-%20Linkedin/src/test/resources/features/ScrollUp.feature
00:15:53.292 [main] INFO  - 
  _____   ___   ___   _____     ___   _____     _     ___   _____   ___   ___  
 |_   _| | __| / __| |_   _|   / __| |_   _|   /_\   | _ \ |_   _| | __| |   \ 
   | |   | _|  \__ \   | |     \__ \   | |    / _ \  |   /   | |   | _|  | |) |
   |_|   |___| |___/   |_|     |___/   |_|   /_/ \_\ |_|_\   |_|   |___| |___/ 

As a User I can Scroll Up to the newest Posts(scrollup;as-a-user-i-can-scroll-up-to-the-newest-posts)
--------------------------------------------------------------------------------
00:15:53.304 [main] DEBUG net.thucydides.core.steps.StepInterceptor - STARTING STEP: AllSteps.iAmOnTheLinkedInHomepage - User on the LinkedIn home page
I am on the LinkedIn home page
00:15:53.304 [main] DEBUG net.thucydides.core.steps.StepInterceptor - STEP DONE: User on the LinkedIn home page
  &amp#27;[32mGiven &amp#27;[0m&amp#27;[32mI am on the LinkedIn homepage&amp#27;[0m                   &amp#27;[90m# starter.stepdefinitions.AllSteps.iAmOnTheLinkedInHomepage()&amp#27;[0m
00:15:53.307 [main] DEBUG net.thucydides.core.steps.StepInterceptor - STARTING STEP: AllSteps.iSeeTheButtonNewPost - I see the button new post
I see the button new post
00:15:53.307 [main] DEBUG net.thucydides.core.steps.StepInterceptor - STEP DONE: I see the button new post
  &amp#27;[32mWhen &amp#27;[0m&amp#27;[32mI see the button new post&amp#27;[0m                        &amp#27;[90m# starter.stepdefinitions.AllSteps.iSeeTheButtonNewPost()&amp#27;[0m
00:15:53.310 [main] DEBUG net.thucydides.core.steps.StepInterceptor - STARTING STEP: AllSteps.iClickTheButtonNewPost - I click the button new post
I click the button new post
00:15:53.310 [main] DEBUG net.thucydides.core.steps.StepInterceptor - STEP DONE: I click the button new post
  &amp#27;[32mAnd &amp#27;[0m&amp#27;[32mI click the button new post&amp#27;[0m                       &amp#27;[90m# starter.stepdefinitions.AllSteps.iClickTheButtonNewPost()&amp#27;[0m
00:15:53.312 [main] DEBUG net.thucydides.core.steps.StepInterceptor - STARTING STEP: AllSteps.iRedirectToTheNewestPost - I redirect to the newest post
I redirect to the newest post
00:15:53.312 [main] DEBUG net.thucydides.core.steps.StepInterceptor - STEP DONE: I redirect to the newest post
  &amp#27;[32mThen &amp#27;[0m&amp#27;[32mI redirect to the newest post&amp#27;[0m                    &amp#27;[90m# starter.stepdefinitions.AllSteps.iRedirectToTheNewestPost()&amp#27;[0m
00:15:53.313 [main] INFO  - 
  _____   ___   ___   _____     ___     _     ___   ___   ___   ___  
 |_   _| | __| / __| |_   _|   | _ \   /_\   / __| / __| | __| |   \ 
   | |   | _|  \__ \   | |     |  _/  / _ \  \__ \ \__ \ | _|  | |) |
   |_|   |___| |___/   |_|     |_|   /_/ \_\ |___/ |___/ |___| |___/ 

As a User I can Scroll Up to the newest Posts
----------------------------------------------------------------------
]]></system-out>
  </testcase>
  <testcase name="As a User I can Sort a Posts by the newest" classname="SortBy" time="0.023">
    <system-out><![CDATA[00:15:53.315 [main] INFO io.cucumber.core.plugin.SerenityReporter - Running feature from file:///D:/Maven/Project/Soal%20Prioritas%201%20-%20Linkedin/src/test/resources/features/SortBy.feature
00:15:53.315 [main] DEBUG net.thucydides.core.steps.StepEventBus - Test suite started for story net.thucydides.core.model.Story@91283ce8
00:15:53.315 [main] INFO  - Test Suite Started: Sort by

Scenario: As a User I can Sort a Posts by the newest &amp#27;[90m# src/test/resources/features/SortBy.feature:10&amp#27;[0m
00:15:53.322 [main] INFO io.cucumber.core.plugin.SerenityReporter - Running feature from file:///D:/Maven/Project/Soal%20Prioritas%201%20-%20Linkedin/src/test/resources/features/SortBy.feature
00:15:53.323 [main] INFO  - 
  _____   ___   ___   _____     ___   _____     _     ___   _____   ___   ___  
 |_   _| | __| / __| |_   _|   / __| |_   _|   /_\   | _ \ |_   _| | __| |   \ 
   | |   | _|  \__ \   | |     \__ \   | |    / _ \  |   /   | |   | _|  | |) |
   |_|   |___| |___/   |_|     |___/   |_|   /_/ \_\ |_|_\   |_|   |___| |___/ 

As a User I can Sort a Posts by the newest(sortby;as-a-user-i-can-sort-a-posts-by-the-newest)
--------------------------------------------------------------------------------
00:15:53.331 [main] DEBUG net.thucydides.core.steps.StepInterceptor - STARTING STEP: AllSteps.iAmOnTheLinkedInHomepage - User on the LinkedIn home page
I am on the LinkedIn home page
00:15:53.331 [main] DEBUG net.thucydides.core.steps.StepInterceptor - STEP DONE: User on the LinkedIn home page
  &amp#27;[32mGiven &amp#27;[0m&amp#27;[32mI am on the LinkedIn homepage&amp#27;[0m                &amp#27;[90m# starter.stepdefinitions.AllSteps.iAmOnTheLinkedInHomepage()&amp#27;[0m
00:15:53.333 [main] DEBUG net.thucydides.core.steps.StepInterceptor - STARTING STEP: AllSteps.iClickTheSortAreaFeature - I click the Sort area feature
I click the Sort area feature
00:15:53.333 [main] DEBUG net.thucydides.core.steps.StepInterceptor - STEP DONE: I click the Sort area feature
  &amp#27;[32mWhen &amp#27;[0m&amp#27;[32mI click the Sort area feature&amp#27;[0m                 &amp#27;[90m# starter.stepdefinitions.AllSteps.iClickTheSortAreaFeature()&amp#27;[0m
00:15:53.335 [main] DEBUG net.thucydides.core.steps.StepInterceptor - STARTING STEP: AllSteps.iSelectTheSortType - I select the sort type
I select the sort type
00:15:53.335 [main] DEBUG net.thucydides.core.steps.StepInterceptor - STEP DONE: I select the sort type
  &amp#27;[32mAnd &amp#27;[0m&amp#27;[32mI select the sort type&amp#27;[0m                         &amp#27;[90m# starter.stepdefinitions.AllSteps.iSelectTheSortType()&amp#27;[0m
00:15:53.337 [main] DEBUG net.thucydides.core.steps.StepInterceptor - STARTING STEP: AllSteps.iChooseSortedByNewest - I choose sorted by newest
I choose sorted by newest
00:15:53.337 [main] DEBUG net.thucydides.core.steps.StepInterceptor - STEP DONE: I choose sorted by newest
  &amp#27;[32mAnd &amp#27;[0m&amp#27;[32mI choose sorted by newest&amp#27;[0m                      &amp#27;[90m# starter.stepdefinitions.AllSteps.iChooseSortedByNewest()&amp#27;[0m
00:15:53.339 [main] DEBUG net.thucydides.core.steps.StepInterceptor - STARTING STEP: AllSteps.iRedirectToTheTopOfNewestPost - I redirect to the top of newest post
I redirect to the top of newest post
00:15:53.339 [main] DEBUG net.thucydides.core.steps.StepInterceptor - STEP DONE: I redirect to the top of newest post
  &amp#27;[32mThen &amp#27;[0m&amp#27;[32mI redirect to the top of newest post&amp#27;[0m          &amp#27;[90m# starter.stepdefinitions.AllSteps.iRedirectToTheTopOfNewestPost()&amp#27;[0m
00:15:53.340 [main] INFO  - 
  _____   ___   ___   _____     ___     _     ___   ___   ___   ___  
 |_   _| | __| / __| |_   _|   | _ \   /_\   / __| / __| | __| |   \ 
   | |   | _|  \__ \   | |     |  _/  / _ \  \__ \ \__ \ | _|  | |) |
   |_|   |___| |___/   |_|     |_|   /_/ \_\ |___/ |___/ |___| |___/ 

As a User I can Sort a Posts by the newest
----------------------------------------------------------------------
]]></system-out>
  </testcase>
  <testcase name="As a User I can Sort a Posts by the most popular" classname="SortBy" time="0.026">
    <system-out><![CDATA[
Scenario: As a User I can Sort a Posts by the most popular &amp#27;[90m# src/test/resources/features/SortBy.feature:16&amp#27;[0m
00:15:53.347 [main] INFO io.cucumber.core.plugin.SerenityReporter - Running feature from file:///D:/Maven/Project/Soal%20Prioritas%201%20-%20Linkedin/src/test/resources/features/SortBy.feature
00:15:53.348 [main] INFO  - 
  _____   ___   ___   _____     ___   _____     _     ___   _____   ___   ___  
 |_   _| | __| / __| |_   _|   / __| |_   _|   /_\   | _ \ |_   _| | __| |   \ 
   | |   | _|  \__ \   | |     \__ \   | |    / _ \  |   /   | |   | _|  | |) |
   |_|   |___| |___/   |_|     |___/   |_|   /_/ \_\ |_|_\   |_|   |___| |___/ 

As a User I can Sort a Posts by the most popular(sortby;as-a-user-i-can-sort-a-posts-by-the-most-popular)
--------------------------------------------------------------------------------
00:15:53.357 [main] DEBUG net.thucydides.core.steps.StepInterceptor - STARTING STEP: AllSteps.iAmOnTheLinkedInHomepage - User on the LinkedIn home page
I am on the LinkedIn home page
00:15:53.358 [main] DEBUG net.thucydides.core.steps.StepInterceptor - STEP DONE: User on the LinkedIn home page
  &amp#27;[32mGiven &amp#27;[0m&amp#27;[32mI am on the LinkedIn homepage&amp#27;[0m                      &amp#27;[90m# starter.stepdefinitions.AllSteps.iAmOnTheLinkedInHomepage()&amp#27;[0m
00:15:53.360 [main] DEBUG net.thucydides.core.steps.StepInterceptor - STARTING STEP: AllSteps.iClickTheSortAreaFeature - I click the Sort area feature
I click the Sort area feature
00:15:53.360 [main] DEBUG net.thucydides.core.steps.StepInterceptor - STEP DONE: I click the Sort area feature
  &amp#27;[32mWhen &amp#27;[0m&amp#27;[32mI click the Sort area feature&amp#27;[0m                       &amp#27;[90m# starter.stepdefinitions.AllSteps.iClickTheSortAreaFeature()&amp#27;[0m
00:15:53.362 [main] DEBUG net.thucydides.core.steps.StepInterceptor - STARTING STEP: AllSteps.iSelectTheSortType - I select the sort type
I select the sort type
00:15:53.362 [main] DEBUG net.thucydides.core.steps.StepInterceptor - STEP DONE: I select the sort type
  &amp#27;[32mAnd &amp#27;[0m&amp#27;[32mI select the sort type&amp#27;[0m                               &amp#27;[90m# starter.stepdefinitions.AllSteps.iSelectTheSortType()&amp#27;[0m
00:15:53.364 [main] DEBUG net.thucydides.core.steps.StepInterceptor - STARTING STEP: AllSteps.iChooseSortedByMostPopular - I choose sorted by most popular
I choose sorted by most popular
00:15:53.364 [main] DEBUG net.thucydides.core.steps.StepInterceptor - STEP DONE: I choose sorted by most popular
  &amp#27;[32mAnd &amp#27;[0m&amp#27;[32mI choose sorted by most popular&amp#27;[0m                      &amp#27;[90m# starter.stepdefinitions.AllSteps.iChooseSortedByMostPopular()&amp#27;[0m
00:15:53.365 [main] DEBUG net.thucydides.core.steps.StepInterceptor - STARTING STEP: AllSteps.iRedirectToTheTopOfMostPopularPost - I redirect to the top of most popular post
I redirect to the top of most popular post
00:15:53.366 [main] DEBUG net.thucydides.core.steps.StepInterceptor - STEP DONE: I redirect to the top of most popular post
  &amp#27;[32mThen &amp#27;[0m&amp#27;[32mI redirect to the top of most popular post&amp#27;[0m          &amp#27;[90m# starter.stepdefinitions.AllSteps.iRedirectToTheTopOfMostPopularPost()&amp#27;[0m
00:15:53.366 [main] INFO  - 
  _____   ___   ___   _____     ___     _     ___   ___   ___   ___  
 |_   _| | __| / __| |_   _|   | _ \   /_\   / __| / __| | __| |   \ 
   | |   | _|  \__ \   | |     |  _/  / _ \  \__ \ \__ \ | _|  | |) |
   |_|   |___| |___/   |_|     |_|   /_/ \_\ |___/ |___/ |___| |___/ 

As a User I can Sort a Posts by the most popular
----------------------------------------------------------------------
]]></system-out>
  </testcase>
</testsuite>